[2.3999999999999999 , 3.7999999999999998],
[2.7444830696959244 , 4.0548924972572484],
[3.7311560191610731 , 5.0415654467223971],
[4.5696763802596552 , 5.8800858078209792],
[5.4031613112367607 , 6.7135707387980847],
[6.2338968962866588 , 7.5443063238479819],
[7.1149812143985622 , 8.4253906419598845],
[8.0084366832318814 , 9.3188461107932046],
[8.7970799378492597 , 1.0107489365410583e+1],
[9.5955386155412405 , 1.0905948043102562e+1],
[1.0290276292680177e+1 , 1.1664228810830737e+1],
[1.0951303611950603e+1 , 1.2619046049776907e+1],
[1.1499977224452698e+1 , 1.3501750591996709e+1],
[1.1625867554025509e+1 , 1.3995728772043362e+1],
[1.1772465944690088e+1 , 1.4142327162707941e+1],
[1.1899372025890411e+1 , 1.4269233243908264e+1],
[1.2038407028914339e+1 , 1.4408268246932192e+1],
[1.2179335713952906e+1 , 1.4549196931970759e+1],
[1.2302055600008755e+1 , 1.463552380257758e+1],
[1.2456183130737717e+1 , 1.463552380257758e+1],
[1.2577343922095967e+1 , 1.463552380257758e+1]
