[2.3999999999999999 , 3.7999999999999998],
[2.7481027855145053 , 4.0611307782313997],
[3.5316434188761852 , 4.8446714115930787],
[4.4074268374477112 , 5.7204548301646048],
[5.324770677270827 , 6.6377986699877205],
[6.2327062959959516 , 7.5457342887128451],
[7.1613410158950241 , 8.4743690086119177],
[8.1137365288368759 , 9.4267645215537677],
[8.8815579911416318 , 1.0194585983858524e+1],
[9.8622378513374009 , 1.1175265844054293e+1],
[1.0809246410059849e+1 , 1.2172100109292627e+1],
[1.1262954468791877e+1 , 1.2997867031562986e+1],
[1.13834098507023e+1 , 1.3539916250159889e+1],
[1.1525775373381792e+1 , 1.3992258427945435e+1],
[1.1677856415058736e+1 , 1.4144339469622379e+1],
[1.1815586531473977e+1 , 1.428206958603762e+1],
[1.1966705133036228e+1 , 1.4433188187599871e+1],
[1.2117353933340073e+1 , 1.4583836987903716e+1],
[1.2237427652707476e+1 , 1.4643909961219338e+1],
[1.2386027664293827e+1 , 1.4643909961219338e+1],
[1.2537814893769342e+1 , 1.4643909961219338e+1]
