[2.3999999999999999 , 3.7999999999999998],
[2.7065847416812523 , 4.0046244843353804],
[3.7309758850936725 , 5.0290156277478006],
[4.6878851137717454 , 5.985924856425874],
[5.548852914815269 , 6.8468926574693976],
[6.3924215191326628 , 7.6904612617867913],
[7.318878750763341 , 8.6169184934174687],
[8.1290118341222453 , 9.4270515767763712],
[9.1584382322592308 , 1.0456477974913357e+1],
[9.7857817311898785 , 1.122223810851782e+1],
[1.0409746493488726e+1 , 1.2123520542949489e+1],
[1.1121531265486624e+1 , 1.3073426609234915e+1],
[1.170695946440752e+1 , 1.3745750164661663e+1],
[1.182597779842815e+1 , 1.4205684968185237e+1],
[1.1948992498551029e+1 , 1.4328699668308115e+1],
[1.2075877828650382e+1 , 1.4455584998407469e+1],
[1.2204410002111787e+1 , 1.4509937600003239e+1],
[1.2358174697165186e+1 , 1.4509937600003239e+1],
[1.2478933315954155e+1 , 1.4509937600003239e+1],
[1.260096157888648e+1 , 1.4509937600003239e+1],
[1.274859048395175e+1 , 1.4509937600003239e+1]
