[2.3999999999999999 , 3.7999999999999998],
[2.8165071126519949 , 4.1460640010130181],
[3.6958705456715704 , 5.0254274340325944],
[4.7135933516693287 , 6.0431502400303527],
[5.6568542024986943 , 6.9864110908597183],
[6.6541816244552336 , 7.9837385128162577],
[7.657071334429614 , 8.9866282227906389],
[8.5711529133516251 , 9.9007098017126509],
[9.5461841613490552 , 1.0875741049710081e+1],
[1.0522638784282337e+1 , 1.190971903346793e+1],
[1.1152850165268884e+1 , 1.2820024361559607e+1],
[1.1649195887857211e+1 , 1.3717792556483662e+1],
[1.1786706121772042e+1 , 1.4336588609100403e+1],
[1.1919360243055635e+1 , 1.4864624241784771e+1],
[1.2065208228310667e+1 , 1.5010472227039802e+1],
[1.2185759838226478e+1 , 1.5108165455444235e+1],
[1.2303398942344497e+1 , 1.5108165455444235e+1],
[1.2420245921707584e+1 , 1.5108165455444235e+1],
[1.2544458828781654e+1 , 1.5108165455444235e+1],
[1.2702223665995856e+1 , 1.5108165455444235e+1],
[1.2838902094403773e+1 , 1.5108165455444235e+1]
