[2.3999999999999999 , 3.7999999999999998],
[2.7409013936694016 , 4.0327603412430175],
[3.5546042105137845 , 4.8464631580874009],
[4.3848089835790001 , 5.6766679311526165],
[5.3897171441679159 , 6.6815760917415323],
[6.4247589535458847 , 7.7166179011195011],
[7.2422439925065829 , 8.5341029400801993],
[8.1155416024735985 , 9.4074005500472158],
[8.9516904011512377 , 1.0243549348724855e+1],
[9.7420398885463459 , 1.1149205533955014e+1],
[1.0321697650022269e+1 , 1.1986488967198014e+1],
[1.0887434014741199e+1 , 1.2766770719894339e+1],
[1.1407974163079629e+1 , 1.3356055261383263e+1],
[1.1556109524643075e+1 , 1.3869057176143128e+1],
[1.1689033661445844e+1 , 1.4001981312945897e+1],
[1.1819712384429694e+1 , 1.4132660035929748e+1],
[1.1943130351270346e+1 , 1.4256078002770399e+1],
[1.2064409578222877e+1 , 1.437735722972293e+1],
[1.2192718576565552e+1 , 1.4428515300105396e+1],
[1.2316944073605571e+1 , 1.4428515300105396e+1],
[1.2440936812755869e+1 , 1.4428515300105396e+1]
