[2.3999999999999999 , 3.7999999999999998],
[2.9867718045480016 , 4.322646829549825],
[3.9440962542509417 , 5.2799712792527647],
[4.8828882314890363 , 6.2187632564908597],
[5.7463851681696685 , 7.0822601931714919],
[6.5838886720644521 , 7.9197636970662746],
[7.3484998238492523 , 8.6843748488510748],
[8.2087154034065346 , 9.5445904284083571],
[9.1212647454713149 , 1.0457139770473137e+1],
[9.9698824863535531 , 1.1446619184795429e+1],
[1.066414045011204e+1 , 1.2449436243557688e+1],
[1.1142649178965584e+1 , 1.3253553331496072e+1],
[1.1284379382169844e+1 , 1.3891339245915242e+1],
[1.144278216511071e+1 , 1.4479724460804755e+1],
[1.1577033602282597e+1 , 1.4613975897976642e+1],
[1.1707997186795758e+1 , 1.4744939482489803e+1],
[1.1857069167335718e+1 , 1.486193372301242e+1],
[1.2007086533706374e+1 , 1.486193372301242e+1],
[1.2127138599786658e+1 , 1.486193372301242e+1],
[1.2257674278900367e+1 , 1.486193372301242e+1],
[1.2407677955747458e+1 , 1.486193372301242e+1]
