[2.3999999999999999 , 3.7999999999999998],
[2.870076364491339 , 4.1968894511399162],
[3.8022221277651895 , 5.1290352144137668],
[4.8144049454581008 , 6.1412180321066776],
[5.628091095200948 , 6.9549041818495247],
[6.4407496411166036 , 7.7675627277651813],
[7.2552102992734895 , 8.5820233859220671],
[8.2311130727510697 , 9.5579261593996474],
[9.2204509865136934 , 1.0547264073162271e+1],
[9.9275289788684642 , 1.1339219823048838e+1],
[1.0569214012231216e+1 , 1.2266098204572812e+1],
[1.1050649065734691e+1 , 1.3014175018258536e+1],
[1.1171998696767911e+1 , 1.3560248357908028e+1],
[1.1324831691918343e+1 , 1.4014214728392346e+1],
[1.1443822146199787e+1 , 1.4133205182673791e+1],
[1.1562299716676375e+1 , 1.4251682753150378e+1],
[1.1679394549250647e+1 , 1.4368777585724651e+1],
[1.1803040028413719e+1 , 1.4492423064887722e+1],
[1.1934034619281727e+1 , 1.4565008888373487e+1],
[1.2075428382800943e+1 , 1.4565008888373487e+1],
[1.2197957791488326e+1 , 1.4565008888373487e+1]
