[2.3999999999999999 , 3.7999999999999998],
[2.7993741241194248 , 4.1369209890985355],
[3.7488429506060306 , 5.0863898155851404],
[4.5807645097097769 , 5.9183113746888871],
[5.400294901602086 , 6.7378417665811963],
[6.3120613168669557 , 7.6496081818460659],
[7.2372529224044317 , 8.574799787383542],
[8.0267092434570468 , 9.3642561084361571],
[8.8093473561605329 , 1.0146894221139643e+1],
[9.7441229536748342 , 1.1081669818653944e+1],
[1.0600771535605423e+1 , 1.1982969642217794e+1],
[1.1167695744884181e+1 , 1.2801860166731554e+1],
[1.1697214126678052e+1 , 1.365080455207454e+1],
[1.1851037232796022e+1 , 1.4113937718673425e+1],
[1.1979417671578386e+1 , 1.4242318157455788e+1],
[1.2132273922027668e+1 , 1.4395174407905071e+1],
[1.2254715256253473e+1 , 1.4517615742130875e+1],
[1.2400532580507626e+1 , 1.4603689113951509e+1],
[1.2528200774300473e+1 , 1.4603689113951509e+1],
[1.2664664813488459e+1 , 1.4603689113951509e+1],
[1.279281139201648e+1 , 1.4603689113951509e+1]
