[2.3999999999999999 , 3.7999999999999998],
[2.8455653068754279 , 4.1536423091489869],
[3.6317837507269313 , 4.9398607530004908],
[4.5222215374668187 , 5.8302985397403777],
[5.2943832440997909 , 6.6024602463733499],
[6.1644902884846307 , 7.4725672907581897],
[7.1723796952220109 , 8.4804566974955691],
[8.1955059803854926 , 9.5035829826590525],
[9.0809039823793594 , 1.0388980984652919e+1],
[1.0030892143606557e+1 , 1.1338969145880117e+1],
[1.0794770448335301e+1 , 1.218202370852819e+1],
[1.1327360489078325e+1 , 1.3065507764333557e+1],
[1.1463491204798711e+1 , 1.3678095985075295e+1],
[1.1591450370860766e+1 , 1.410528101128444e+1],
[1.1734721129172792e+1 , 1.4248551769596466e+1],
[1.1878714306140626e+1 , 1.43925449465643e+1],
[1.1998795862884588e+1 , 1.4512626503308262e+1],
[1.2145911708215374e+1 , 1.4609532949154435e+1],
[1.2267328776313445e+1 , 1.4609532949154435e+1],
[1.2406520581943248e+1 , 1.4609532949154435e+1],
[1.2547978582079194e+1 , 1.4609532949154435e+1]
