[2.3999999999999999 , 3.7999999999999998],
[2.6557821654964195 , 3.9462517583549652],
[3.4485026737530489 , 4.7389722666115945],
[4.3245107253603434 , 5.6149803182188887],
[5.1578629871521304 , 6.4483325800106748],
[6.045294238691846 , 7.3357638315503904],
[6.8018746340431449 , 8.0923442269016892],
[7.7663739682412185 , 9.0568435610997629],
[8.70955077844601 , 1.0000020371304554e+1],
[9.7356319273721983 , 1.1026101520230743e+1],
[1.0581227962501961e+1 , 1.1983868017629881e+1],
[1.12066184181762e+1 , 1.2887209786937113e+1],
[1.1591810131030908e+1 , 1.3624308662944271e+1],
[1.1740259070360958e+1 , 1.4164546282513852e+1],
[1.1862204052184156e+1 , 1.428649126433705e+1],
[1.1998455007522805e+1 , 1.4422742219675699e+1],
[1.2131555129602315e+1 , 1.4555842341755209e+1],
[1.2274411541246307e+1 , 1.4698698753399201e+1],
[1.243018388868906e+1 , 1.4812371336533504e+1],
[1.2563093172320754e+1 , 1.4812371336533504e+1],
[1.2713935771162941e+1 , 1.4812371336533504e+1]
